<?xml version="1.0" encoding="UTF-8"?>
<!-- Generated by org.testng.reporters.JUnitXMLReporter -->
<testsuite ignored="0" hostname="Nijeesh-Edify" failures="0" tests="6" name="smokerun" time="60.293" errors="0" timestamp="2022-11-04T21:25:40 IST">
  <testcase classname="basicImplementations.AlertExample_1" name="greenButton" time="0.148"/>
  <testcase classname="basicImplementations.AlertExample_1" name="redButton" time="1.108"/>
  <testcase classname="basicImplementations.AlertExample_1" name="yellowButton" time="1.694"/>
  <testcase classname="basicImplementations.AlertExample" name="jsAlert" time="0.17"/>
  <testcase classname="basicImplementations.AlertExample" name="jsConfirm" time="0.138"/>
  <testcase classname="basicImplementations.AlertExample" name="jsPrompt" time="0.294"/>
</testsuite> <!-- smokerun -->
