<?xml version="1.0" encoding="UTF-8"?>
<!-- Generated by org.testng.reporters.JUnitXMLReporter -->
<testsuite ignored="0" hostname="Nijeesh-Edify" failures="0" tests="6" name="firstbuildcheck" time="57.812" errors="0" timestamp="2022-11-04T21:02:35 IST">
  <testcase classname="basicImplementations.AlertExample_1" name="greenButton" time="0.118"/>
  <testcase classname="basicImplementations.AlertExample_1" name="redButton" time="1.728"/>
  <testcase classname="basicImplementations.AlertExample_1" name="yellowButton" time="0.955"/>
  <testcase classname="basicImplementations.AlertExample" name="jsAlert" time="0.102"/>
  <testcase classname="basicImplementations.AlertExample" name="jsConfirm" time="0.106"/>
  <testcase classname="basicImplementations.AlertExample" name="jsPrompt" time="0.266"/>
</testsuite> <!-- firstbuildcheck -->
