<?xml version="1.0" encoding="UTF-8"?>
<testng-results ignored="12" total="13" passed="1" failed="0" skipped="0">
  <reporter-output>
  </reporter-output>
  <suite started-at="2022-11-11T04:33:04 IST" name="Default suite" finished-at="2022-11-11T04:33:49 IST" duration-ms="44489">
    <groups>
    </groups>
    <test started-at="2022-11-11T04:33:04 IST" name="Default test" finished-at="2022-11-11T04:33:49 IST" duration-ms="44489">
      <class name="tagrail.TestingOne">
        <test-method is-config="true" signature="startBrowser()[pri:0, instance:tagrail.TestingOne@f5acb9d]" started-at="2022-11-11T04:33:04 IST" name="startBrowser" finished-at="2022-11-11T04:33:07 IST" duration-ms="3004" status="PASS">
          <reporter-output>
          </reporter-output>
        </test-method> <!-- startBrowser -->
        <test-method signature="clockMobility()[pri:0, instance:tagrail.TestingOne@f5acb9d]" started-at="2022-11-11T04:33:07 IST" name="clockMobility" finished-at="2022-11-11T04:33:49 IST" duration-ms="41430" status="PASS">
          <reporter-output>
          </reporter-output>
        </test-method> <!-- clockMobility -->
      </class> <!-- tagrail.TestingOne -->
    </test> <!-- Default test -->
  </suite> <!-- Default suite -->
</testng-results>
