<?xml version="1.0" encoding="UTF-8"?>
<!-- Generated by org.testng.reporters.JUnitXMLReporter -->
<testsuite ignored="12" hostname="Nijeesh-Edify" failures="0" tests="1" name="Default test" time="44.489" errors="0" timestamp="2022-11-11T04:33:49 IST">
  <testcase classname="tagrail.TestingOne" name="clockMobility" time="41.43"/>
  <testcase classname="tagrail.TestingOne" name="mobilityTransport" time="0.0">
    <ignored/>
  </testcase> <!-- mobilityTransport -->
  <testcase classname="tagrail.TestingOne" name="sierraChevrolet" time="0.0">
    <ignored/>
  </testcase> <!-- sierraChevrolet -->
  <testcase classname="tagrail.TestingOne" name="personalMobilityinc" time="0.0">
    <ignored/>
  </testcase> <!-- personalMobilityinc -->
  <testcase classname="tagrail.TestingOne" name="nissanThousandoaks" time="0.0">
    <ignored/>
  </testcase> <!-- nissanThousandoaks -->
  <testcase classname="tagrail.TestingOne" name="premierToyota" time="0.0">
    <ignored/>
  </testcase> <!-- premierToyota -->
  <testcase classname="tagrail.TestingOne" name="harperInfiniti" time="0.0">
    <ignored/>
  </testcase> <!-- harperInfiniti -->
  <testcase classname="tagrail.TestingOne" name="bussaniMobility" time="0.0">
    <ignored/>
  </testcase> <!-- bussaniMobility -->
  <testcase classname="tagrail.TestingOne" name="creativeMobilityGroup" time="0.0">
    <ignored/>
  </testcase> <!-- creativeMobilityGroup -->
  <testcase classname="tagrail.TestingOne" name="infinitiOfElpaso" time="0.0">
    <ignored/>
  </testcase> <!-- infinitiOfElpaso -->
  <testcase classname="tagrail.TestingOne" name="aandjMobility" time="0.0">
    <ignored/>
  </testcase> <!-- aandjMobility -->
  <testcase classname="tagrail.TestingOne" name="infinitiofHuntsVille" time="0.0">
    <ignored/>
  </testcase> <!-- infinitiofHuntsVille -->
  <testcase classname="tagrail.TestingOne" name="infinitiOfVannuys" time="0.0">
    <ignored/>
  </testcase> <!-- infinitiOfVannuys -->
</testsuite> <!-- Default test -->
