<?xml version="1.0" encoding="UTF-8"?>
<!-- Generated by org.testng.reporters.JUnitXMLReporter -->
<testsuite ignored="4" hostname="Nijeesh-Edify" failures="0" tests="2" name="unittesting" time="13.446" errors="0" timestamp="2022-11-04T21:09:19 IST">
  <testcase classname="basicImplementations.AlertExample_1" name="greenButton" time="0.121"/>
  <testcase classname="basicImplementations.AlertExample" name="jsAlert" time="0.109"/>
  <testcase classname="basicImplementations.AlertExample" name="jsPrompt" time="0.0">
    <ignored/>
  </testcase> <!-- jsPrompt -->
  <testcase classname="basicImplementations.AlertExample" name="jsConfirm" time="0.0">
    <ignored/>
  </testcase> <!-- jsConfirm -->
  <testcase classname="basicImplementations.AlertExample_1" name="redButton" time="0.0">
    <ignored/>
  </testcase> <!-- redButton -->
  <testcase classname="basicImplementations.AlertExample_1" name="yellowButton" time="0.0">
    <ignored/>
  </testcase> <!-- yellowButton -->
</testsuite> <!-- unittesting -->
